<?xml version="1.0" encoding="UTF-8"?>
<!-- Generated by org.testng.reporters.JUnitReportReporter -->
<testsuite skipped="0" hostname="INPF18MVW2" name="com.qa.smokesuite.testcases.DemoTest_case1" tests="2" failures="0" timestamp="11 Mar 2021 06:06:10 GMT" time="41.875" errors="0">
  <testcase name="test1" time="34.639" classname="com.qa.smokesuite.testcases.DemoTest_case1"/>
  <testcase name="test2" time="7.236" classname="com.qa.smokesuite.testcases.DemoTest_case1"/>
</testsuite> <!-- com.qa.smokesuite.testcases.DemoTest_case1 -->
